<?xml version="1.0" encoding="UTF-8"?>
<!-- Generated by org.testng.reporters.JUnitReportReporter -->
<testsuite skipped="1" hostname="DESKTOP-PLEG044" name="com.w2a.testcases.LoginTest" tests="1" failures="0" timestamp="20 Oct 2019 13:52:16 GMT" time="0.000" errors="0">
  <testcase name="loginAsBankManager" time="0.000" classname="com.w2a.testcases.LoginTest">
    <skipped/>
  </testcase> <!-- loginAsBankManager -->
</testsuite> <!-- com.w2a.testcases.LoginTest -->
