<?xml version="1.0" encoding="UTF-8"?>
<!-- Generated by org.testng.reporters.JUnitReportReporter -->
<testsuite skipped="0" hostname="DESKTOP-GJPCM2K" name="com.w2a.testcases.LoginTest" tests="1" failures="0" timestamp="20 Oct 2019 07:32:20 GMT" time="3.136" errors="0">
  <testcase name="loginAsBankManager" time="3.136" classname="com.w2a.testcases.LoginTest"/>
</testsuite> <!-- com.w2a.testcases.LoginTest -->
